--------------------
MANUEL MARTINEZ
8224 C. FLOR
LOIZA, PR 00772
--------------------
MANUEL MARTINEZ
8224 C. FLOR
LOIZA, PR 00772
--------------------
GLENDALIE GONZALEZ
8126 C. ROSA
RIO GRANDE, PR 00920
--------------------
GLENDALIE GONZALEZ
8126 C. ROSA
RIO GRANDE, PR 00920
--------------------
JOELIZ OTERO
8824 C. PETALO
CANOVANAS, PR 00960
--------------------
JOELIZ OTERO
8824 C. PETALO
CANOVANAS, PR 00960
--------------------
TOM CRUISE
9124 C. GRAMA
SAN JUAN, PR 00669
--------------------
TOM CRUISE
9124 C. GRAMA
SAN JUAN, PR 00669
