     00001  JOHN SMITH           NY   02  045000  123456789  02  A1
     00002  JANE DOE             CA   03  055000  987654321  03  B2
     00003  BOB JOHNSON          TX   04  065000  111222333  01  C3
     00004  ALICE BROWN          FL   05  075000  444555666  04  D4
     00005  CHARLIE DAVIS        IL   06  085000  777888999  05  E5
     00006  DIANA EVANS          NY   07  195000  123459876  02  F1
     00007  EDWARD FRANK         CA   08  205000  345678901  03  G2
     00008  FIONA GREEN          TX   09  215000  567890123  01  H3
     00009  GEORGE HARRIS        FL   10  225000  789012345  04  I4
     00010  HELEN IVES           IL   11  235000  901234567  05  J5
     00011  IAN JONES            NY   12  245000  111122223  02  K1
     00012  JULIA KELLY          CA   13  255000  333344445  03  L2
     00013  KEVIN LEE            TX   14  265000  555566667  01  M3
     00014  LAURA MILLER         FL   15  275000  777788889  04  N4
     00015  MIKE NELSON          IL   16  285000  999900001  05  O5
     00016  NINA OWENS           NY   17  295000  123451234  02  P1
     00017  OSCAR PEREZ          CA   18  305000  345653456  03  Q2
     00018  PAMELA QUINN         TX   19  315000  567855678  01  R3
     00019  QUENTIN ROGERS       FL   20  325000  789057890  04  S4
     00020  RACHEL STEWART       IL   21  335000  901259012  05  T5
     00021  STEVE TAYLOR         NY   22  345000  111161111  02  U1
     00022  TRACY UNDERWOOD      CA   23  355000  333363333  03  V2
     00023  URSULA VANCE         TX   24  365000  555565555  01  W3
     00024  VICTOR WILLIAMS      FL   25  375000  777767777  04  X4
     00025  WENDY XU             IL   26  385000  999969999  05  Y5
     00026  XAVIER YOUNG         NY   27  395000  123472123  02  Z1
     00027  YVONNE ZIMMER        CA   28  405000  345674345  03  A2
     00028  ZACHARY ADAMS        TX   29  415000  567876567  01  B3
     00029  AMY BAKER            FL   30  425000  789078789  04  C4
     00030  BRIAN CARTER         IL   31  435000  901280901  05  D5
     00031  CATHY DIXON          NY   32  445000  111183111  02  E1
     00032  DAVID EDWARDS        CA   33  455000  333385333  03  F2
     00033  EMMA FOSTER          TX   34  465000  555587555  01  G3
     00034  FRANK GARCIA         FL   35  475000  777789777  04  H4
     00035  GRACE HALL           IL   36  485000  999991999  05  I5
     00036  HENRY IRWIN          NY   37  495000  123494123  02  J1
     00037  IRIS JACKSON         CA   38  505000  345696345  03  K2
     00038  JACK KING            TX   39  515000  567898567  01  L3
     00039  KAREN LONG           FL   40  525000  789000789  04  M4
     00040  LARRY MARTIN         IL   41  535000  901202901  05  N5
     00041  MONICA NELSON        NY   42  545000  123414123  02  O1
     00042  NATHAN OWEN          CA   43  555000  345636345  03  P2
     00043  OLIVIA PARKER        TX   44  565000  567858567  01  Q3
     00044  PETER QUINN          FL   45  575000  789070789  04  R4
     00045  QUEENIE ROGERS       IL   46  585000  901292901  05  S5
     00046  RALPH SMITH          NY   47  595000  123414123  02  T1
     00047  SANDRA TURNER        CA   48  505000  345636345  03  U2
     00048  THOMAS UNDERWOOD     TX   49  515000  567858567  01  V3
     00049  UMA VANCE            FL   50  525000  789070789  04  W4
     00050  VICKY WALKER         IL   51  535000  901292901  05  X5
